===== SERVER HEALTH REPORT =====
Date: Thu Apr  9 01:50:01 UTC 2026

--- CPU Cores ---
2

--- Memory Usage ---
               total        used        free      shared  buff/cache   available
Mem:           3.8Gi       578Mi       2.6Gi       544Ki       940Mi       3.3Gi
Swap:             0B          0B          0B

--- Disk Usage ---
Filesystem      Size  Used Avail Use% Mounted on
/dev/sda1        30G  3.0G   26G  11% /

--- Top 5 Processes by CPU ---
USER         PID %CPU %MEM    VSZ   RSS TTY      STAT START   TIME COMMAND
root        1544  0.3  0.5 1182160 23612 ?       Sl   Apr08   1:48 /opt/google-cloud-ops-agent/subagents/fluent-bit/bin/fluent-bit --config /run/google-cloud-ops-agent-fluent-bit/fluent_bit_main.conf --parser /run/google-cloud-ops-agent-fluent-bit/fluent_bit_parser.conf --storage_path /var/lib/google-cloud-ops-agent/fluent-bit/buffers
root        1514  0.1  3.0 1975700 123472 ?      Ssl  Apr08   0:51 /opt/google-cloud-ops-agent/subagents/opentelemetry-collector/otelopscol --config=/run/google-cloud-ops-agent-opentelemetry-collector/otel.yaml --feature-gates=receiver.prometheusreceiver.RemoveStartTimeAdjustment
root       81471  0.0  0.6 1277948 27576 ?       Ssl  Apr08   0:19 /usr/bin/google_guest_agent_manager
root       87410  0.0  0.0      0     0 ?        I    Apr08   0:14 [kworker/0:0-mm_percpu_wq]
root       81482  0.0  0.6 1279328 26948 ?       Sl   Apr08   0:06 /usr/lib/google/guest_agent/GuestAgentCorePlugin/core_plugin --protocol=unix --address=/run/google-guest-agent/plugin-connections/GuestAgentCorePlugin_20260329.00.sock --errorlogfile=/var/lib/google-guest-agent/2211457897621827740/agent_state/plugins/GuestAgentCorePlugin/plugin.log

===== END OF REPORT =====
===== SERVER HEALTH REPORT =====
Date: Thu Apr  9 01:55:01 UTC 2026

--- CPU Cores ---
2

--- Memory Usage ---
               total        used        free      shared  buff/cache   available
Mem:           3.8Gi       602Mi       2.5Gi       544Ki       1.0Gi       3.2Gi
Swap:             0B          0B          0B

--- Disk Usage ---
Filesystem      Size  Used Avail Use% Mounted on
/dev/sda1        30G  3.1G   25G  11% /

--- Top 5 Processes by CPU ---
USER         PID %CPU %MEM    VSZ   RSS TTY      STAT START   TIME COMMAND
root        1544  0.3  0.5 1182160 23612 ?       Sl   Apr08   1:49 /opt/google-cloud-ops-agent/subagents/fluent-bit/bin/fluent-bit --config /run/google-cloud-ops-agent-fluent-bit/fluent_bit_main.conf --parser /run/google-cloud-ops-agent-fluent-bit/fluent_bit_parser.conf --storage_path /var/lib/google-cloud-ops-agent/fluent-bit/buffers
root        1514  0.1  3.0 1975700 121520 ?      Ssl  Apr08   0:51 /opt/google-cloud-ops-agent/subagents/opentelemetry-collector/otelopscol --config=/run/google-cloud-ops-agent-opentelemetry-collector/otel.yaml --feature-gates=receiver.prometheusreceiver.RemoveStartTimeAdjustment
root       81471  0.0  0.6 1277948 27576 ?       Ssl  Apr08   0:19 /usr/bin/google_guest_agent_manager
root       87410  0.0  0.0      0     0 ?        I    Apr08   0:14 [kworker/0:0-events]
root       81482  0.0  0.6 1279328 27052 ?       Sl   Apr08   0:06 /usr/lib/google/guest_agent/GuestAgentCorePlugin/core_plugin --protocol=unix --address=/run/google-guest-agent/plugin-connections/GuestAgentCorePlugin_20260329.00.sock --errorlogfile=/var/lib/google-guest-agent/2211457897621827740/agent_state/plugins/GuestAgentCorePlugin/plugin.log

===== END OF REPORT =====
===== SERVER HEALTH REPORT =====
Date: Thu Apr  9 02:00:01 UTC 2026

--- CPU Cores ---
2

--- Memory Usage ---
               total        used        free      shared  buff/cache   available
Mem:           3.8Gi       609Mi       2.5Gi       544Ki       1.0Gi       3.2Gi
Swap:             0B          0B          0B

--- Disk Usage ---
Filesystem      Size  Used Avail Use% Mounted on
/dev/sda1        30G  3.1G   25G  11% /

--- Top 5 Processes by CPU ---
USER         PID %CPU %MEM    VSZ   RSS TTY      STAT START   TIME COMMAND
moddipen  115742  100  0.1   8488  4320 ?        R    02:00   0:00 ps aux --sort=-%cpu
root        1544  0.3  0.5 1182160 23612 ?       Sl   Apr08   1:50 /opt/google-cloud-ops-agent/subagents/fluent-bit/bin/fluent-bit --config /run/google-cloud-ops-agent-fluent-bit/fluent_bit_main.conf --parser /run/google-cloud-ops-agent-fluent-bit/fluent_bit_parser.conf --storage_path /var/lib/google-cloud-ops-agent/fluent-bit/buffers
root      115725  0.3  0.2  15452  9004 ?        Ss   01:59   0:00 sshd: [accepted]
root        1514  0.1  2.9 1975700 119688 ?      Ssl  Apr08   0:52 /opt/google-cloud-ops-agent/subagents/opentelemetry-collector/otelopscol --config=/run/google-cloud-ops-agent-opentelemetry-collector/otel.yaml --feature-gates=receiver.prometheusreceiver.RemoveStartTimeAdjustment
root       81471  0.0  0.6 1277948 27576 ?       Ssl  Apr08   0:19 /usr/bin/google_guest_agent_manager

===== END OF REPORT =====
===== SERVER HEALTH REPORT =====
Date: Thu Apr  9 02:05:01 UTC 2026

--- CPU Cores ---
2

--- Memory Usage ---
               total        used        free      shared  buff/cache   available
Mem:           3.8Gi       615Mi       2.5Gi       544Ki       1.0Gi       3.2Gi
Swap:             0B          0B          0B

--- Disk Usage ---
Filesystem      Size  Used Avail Use% Mounted on
/dev/sda1        30G  3.1G   25G  11% /

--- Top 5 Processes by CPU ---
USER         PID %CPU %MEM    VSZ   RSS TTY      STAT START   TIME COMMAND
root        1544  0.3  0.5 1182160 23612 ?       Sl   Apr08   1:51 /opt/google-cloud-ops-agent/subagents/fluent-bit/bin/fluent-bit --config /run/google-cloud-ops-agent-fluent-bit/fluent_bit_main.conf --parser /run/google-cloud-ops-agent-fluent-bit/fluent_bit_parser.conf --storage_path /var/lib/google-cloud-ops-agent/fluent-bit/buffers
root        1514  0.1  3.0 1975700 120660 ?      Ssl  Apr08   0:52 /opt/google-cloud-ops-agent/subagents/opentelemetry-collector/otelopscol --config=/run/google-cloud-ops-agent-opentelemetry-collector/otel.yaml --feature-gates=receiver.prometheusreceiver.RemoveStartTimeAdjustment
root       81471  0.0  0.6 1277948 27576 ?       Ssl  Apr08   0:19 /usr/bin/google_guest_agent_manager
root       87410  0.0  0.0      0     0 ?        I    Apr08   0:15 [kworker/0:0-mm_percpu_wq]
root       81482  0.0  0.6 1279328 27116 ?       Sl   Apr08   0:06 /usr/lib/google/guest_agent/GuestAgentCorePlugin/core_plugin --protocol=unix --address=/run/google-guest-agent/plugin-connections/GuestAgentCorePlugin_20260329.00.sock --errorlogfile=/var/lib/google-guest-agent/2211457897621827740/agent_state/plugins/GuestAgentCorePlugin/plugin.log

===== END OF REPORT =====
===== SERVER HEALTH REPORT =====
Date: Thu Apr  9 02:10:01 UTC 2026

--- CPU Cores ---
2

--- Memory Usage ---
               total        used        free      shared  buff/cache   available
Mem:           3.8Gi       638Mi       2.4Gi       544Ki       1.1Gi       3.2Gi
Swap:             0B          0B          0B

--- Disk Usage ---
Filesystem      Size  Used Avail Use% Mounted on
/dev/sda1        30G  3.4G   25G  13% /

--- Top 5 Processes by CPU ---
USER         PID %CPU %MEM    VSZ   RSS TTY      STAT START   TIME COMMAND
root        1544  0.3  0.5 1182160 22320 ?       Sl   Apr08   1:52 /opt/google-cloud-ops-agent/subagents/fluent-bit/bin/fluent-bit --config /run/google-cloud-ops-agent-fluent-bit/fluent_bit_main.conf --parser /run/google-cloud-ops-agent-fluent-bit/fluent_bit_parser.conf --storage_path /var/lib/google-cloud-ops-agent/fluent-bit/buffers
root        1514  0.1  1.9 1975700 77524 ?       Ssl  Apr08   0:53 /opt/google-cloud-ops-agent/subagents/opentelemetry-collector/otelopscol --config=/run/google-cloud-ops-agent-opentelemetry-collector/otel.yaml --feature-gates=receiver.prometheusreceiver.RemoveStartTimeAdjustment
moddipen  117700  0.1  0.7  37212 31168 pts/0    S+   02:07   0:00 python3 app.py
root       87410  0.0  0.0      0     0 ?        I    Apr08   0:20 [kworker/0:0-events_freezable]
root       81471  0.0  0.5 1277948 22552 ?       Ssl  Apr08   0:19 /usr/bin/google_guest_agent_manager

===== END OF REPORT =====
